<?xml version="1.0" encoding="UTF-8" ?>
<testsuite failures="0" time="0.054" errors="0" skipped="0" tests="10" name="com.github.thomasahle.trainbox.trainbox.model.ComponentTest">
  <properties>
[...]
</properties>
  <testcase time="0.002" classname="com.github.thomasahle.trainbox.trainbox.model.ComponentTest" name="testSimple"/>
  <testcase time="0.003" classname="com.github.thomasahle.trainbox.trainbox.model.ComponentTest" name="testStart"/>
  <testcase time="0.002" classname="com.github.thomasahle.trainbox.trainbox.model.ComponentTest" name="testFlip"/>
  <testcase time="0" classname="com.github.thomasahle.trainbox.trainbox.model.ComponentTest" name="testBox"/>
  <testcase time="0" classname="com.github.thomasahle.trainbox.trainbox.model.ComponentTest" name="testConcat"/>
  <testcase time="0" classname="com.github.thomasahle.trainbox.trainbox.model.ComponentTest" name="testReverse"/>
  <testcase time="0.001" classname="com.github.thomasahle.trainbox.trainbox.model.ComponentTest" name="testMattStyleReverse"/>
  <testcase time="0.001" classname="com.github.thomasahle.trainbox.trainbox.model.ComponentTest" name="testTranspose1"/>
  <testcase time="0" classname="com.github.thomasahle.trainbox.trainbox.model.ComponentTest" name="testTranspose2"/>
  <testcase time="0" classname="com.github.thomasahle.trainbox.trainbox.model.ComponentTest" name="testTransposeBig"/>
</testsuite>